[2025-07-05 22:55:00] 🚀 Запуск clean_keys.py
[2025-07-05 22:55:00] 📁 Создаём резервные копии в keys/backup
[2025-07-05 22:55:00] 🗂️  Резерв: KZ.txt → backup
[2025-07-05 22:55:00] 🗂️  Резерв: PL.txt → backup
[2025-07-05 22:55:00] 🗂️  Резерв: DE.txt → backup
[2025-07-05 22:55:00] 🗂️  Резерв: NL.txt → backup
[2025-07-05 22:55:00] 🗂️  Резерв: FI.txt → backup
[2025-07-05 22:55:00] 🗂️  Резерв: FR.txt → backup
[2025-07-05 22:55:00] 🗂️  Резерв: LV.txt → backup
[2025-07-05 22:55:00] 🗂️  Резерв: US.txt → backup
[2025-07-05 22:55:00] 🗂️  Резерв: GB.txt → backup
[2025-07-05 22:55:00] 🗂️  Резерв: RU.txt → backup
[2025-07-05 22:55:00] 🗂️  Резерв: TR.txt → backup
[2025-07-05 22:55:00] 🔧 Начата обработка файла: KZ.txt
[2025-07-05 22:55:00] 🔧 Начата обработка файла: PL.txt
[2025-07-05 22:55:01] 🔧 Начата обработка файла: DE.txt
[2025-07-05 23:13:33] 🔧 Начата обработка файла: NL.txt
[2025-07-05 23:14:26] 🔧 Начата обработка файла: FI.txt
[2025-07-05 23:14:26] 🔧 Начата обработка файла: FR.txt
[2025-07-05 23:14:26] 🔧 Начата обработка файла: LV.txt
[2025-07-05 23:14:26] 🔧 Начата обработка файла: US.txt
[2025-07-05 23:14:41] 🔧 Начата обработка файла: GB.txt
[2025-07-05 23:15:20] 🔧 Начата обработка файла: RU.txt
[2025-07-05 23:18:11] 🔧 Начата обработка файла: TR.txt
[2025-07-05 23:18:12] ✅ Завершено за 1391.50 сек. Плохие ключи перенесены, дубликаты удалены.
[2025-07-07 13:31:59] 🚀 Запуск clean_keys.py
[2025-07-07 13:31:59] 📁 Создаём резервные копии в keys/backup
[2025-07-07 13:31:59] 🗂️  Резерв: KZ.txt → backup
[2025-07-07 13:31:59] 🗂️  Резерв: ID.txt → backup
[2025-07-07 13:31:59] 🗂️  Резерв: HK.txt → backup
[2025-07-07 13:31:59] 🗂️  Резерв: AT.txt → backup
[2025-07-07 13:31:59] 🗂️  Резерв: PL.txt → backup
[2025-07-07 13:31:59] 🗂️  Резерв: SG.txt → backup
[2025-07-07 13:31:59] 🗂️  Резерв: CA.txt → backup
[2025-07-07 13:31:59] 🗂️  Резерв: SA.txt → backup
[2025-07-07 13:31:59] 🗂️  Резерв: AE.txt → backup
[2025-07-07 13:31:59] 🗂️  Резерв: KH.txt → backup
[2025-07-07 13:31:59] 🗂️  Резерв: CZ.txt → backup
[2025-07-07 13:31:59] 🗂️  Резерв: DE.txt → backup
[2025-07-07 13:31:59] 🗂️  Резерв: VG.txt → backup
[2025-07-07 13:31:59] 🗂️  Резерв: XX.txt → backup
[2025-07-07 13:31:59] 🗂️  Резерв: IN.txt → backup
[2025-07-07 13:31:59] 🗂️  Резерв: MT.txt → backup
[2025-07-07 13:31:59] 🗂️  Резерв: NL.txt → backup
[2025-07-07 13:31:59] 🗂️  Резерв: LT.txt → backup
[2025-07-07 13:31:59] 🗂️  Резерв: BR.txt → backup
[2025-07-07 13:31:59] 🗂️  Резерв: HU.txt → backup
[2025-07-07 13:31:59] 🗂️  Резерв: CH.txt → backup
[2025-07-07 13:31:59] 🗂️  Резерв: CN.txt → backup
[2025-07-07 13:31:59] 🗂️  Резерв: ES.txt → backup
[2025-07-07 13:31:59] 🗂️  Резерв: PH.txt → backup
[2025-07-07 13:31:59] 🗂️  Резерв: FI.txt → backup
[2025-07-07 13:31:59] 🗂️  Резерв: IT.txt → backup
[2025-07-07 13:31:59] 🗂️  Резерв: AU.txt → backup
[2025-07-07 13:31:59] 🗂️  Резерв: JP.txt → backup
[2025-07-07 13:31:59] 🗂️  Резерв: FR.txt → backup
[2025-07-07 13:31:59] 🗂️  Резерв: UA.txt → backup
[2025-07-07 13:31:59] 🗂️  Резерв: BG.txt → backup
[2025-07-07 13:31:59] 🗂️  Резерв: ZA.txt → backup
[2025-07-07 13:31:59] 🗂️  Резерв: LV.txt → backup
[2025-07-07 13:31:59] 🗂️  Резерв: AM.txt → backup
[2025-07-07 13:31:59] 🗂️  Резерв: NZ.txt → backup
[2025-07-07 13:31:59] 🗂️  Резерв: CY.txt → backup
[2025-07-07 13:31:59] 🗂️  Резерв: US.txt → backup
[2025-07-07 13:31:59] 🗂️  Резерв: PT.txt → backup
[2025-07-07 13:31:59] 🗂️  Резерв: GB.txt → backup
[2025-07-07 13:31:59] 🗂️  Резерв: CW.txt → backup
[2025-07-07 13:31:59] 🗂️  Резерв: EE.txt → backup
[2025-07-07 13:31:59] 🗂️  Резерв: RU.txt → backup
[2025-07-07 13:31:59] 🗂️  Резерв: TR.txt → backup
[2025-07-07 13:31:59] 🔧 Начата обработка файла: KZ.txt
[2025-07-07 13:32:02] 🔧 Начата обработка файла: ID.txt
[2025-07-07 13:32:03] 🔧 Начата обработка файла: HK.txt
[2025-07-07 13:32:14] 🔧 Начата обработка файла: AT.txt
[2025-07-07 13:32:15] 🔧 Начата обработка файла: PL.txt
[2025-07-07 13:32:16] 🔧 Начата обработка файла: SG.txt
[2025-07-07 13:32:18] 🔧 Начата обработка файла: CA.txt
[2025-07-07 13:32:19] 🔧 Начата обработка файла: SA.txt
[2025-07-07 13:32:20] 🔧 Начата обработка файла: AE.txt
[2025-07-07 13:32:20] 🔧 Начата обработка файла: KH.txt
[2025-07-07 13:32:21] 🔧 Начата обработка файла: CZ.txt
[2025-07-07 13:32:22] 🔧 Начата обработка файла: DE.txt
[2025-07-07 13:32:46] 🔧 Начата обработка файла: VG.txt
[2025-07-07 13:32:47] 🔧 Начата обработка файла: XX.txt
[2025-07-07 13:32:47] 🔧 Начата обработка файла: IN.txt
[2025-07-07 13:32:48] 🔧 Начата обработка файла: MT.txt
[2025-07-07 13:32:50] 🔧 Начата обработка файла: NL.txt
[2025-07-07 13:33:32] 🔧 Начата обработка файла: LT.txt
[2025-07-07 13:33:34] 🔧 Начата обработка файла: BR.txt
[2025-07-07 13:33:34] 🔧 Начата обработка файла: HU.txt
[2025-07-07 13:33:36] 🔧 Начата обработка файла: CH.txt
[2025-07-07 13:33:37] 🔧 Начата обработка файла: CN.txt
[2025-07-07 13:33:38] 🔧 Начата обработка файла: ES.txt
[2025-07-07 13:33:41] 🔧 Начата обработка файла: PH.txt
[2025-07-07 13:33:42] 🔧 Начата обработка файла: FI.txt
[2025-07-07 13:33:42] 🔧 Начата обработка файла: IT.txt
[2025-07-07 13:33:42] 🔧 Начата обработка файла: AU.txt
[2025-07-07 13:33:45] 🔧 Начата обработка файла: JP.txt
[2025-07-07 13:33:45] 🔧 Начата обработка файла: FR.txt
[2025-07-07 13:33:56] 🔧 Начата обработка файла: UA.txt
[2025-07-07 13:33:56] 🔧 Начата обработка файла: BG.txt
[2025-07-07 13:33:59] 🔧 Начата обработка файла: ZA.txt
[2025-07-07 13:33:59] 🔧 Начата обработка файла: LV.txt
[2025-07-07 13:33:59] 🔧 Начата обработка файла: AM.txt
[2025-07-07 13:34:01] 🔧 Начата обработка файла: NZ.txt
[2025-07-07 13:34:02] 🔧 Начата обработка файла: CY.txt
[2025-07-07 13:34:06] 🔧 Начата обработка файла: US.txt
[2025-07-07 13:35:21] 🔧 Начата обработка файла: PT.txt
[2025-07-07 13:35:22] 🔧 Начата обработка файла: GB.txt
[2025-07-07 13:35:44] 🔧 Начата обработка файла: CW.txt
[2025-07-07 13:35:48] 🔧 Начата обработка файла: EE.txt
[2025-07-07 13:35:50] 🔧 Начата обработка файла: RU.txt
[2025-07-07 13:36:02] 🔧 Начата обработка файла: TR.txt
[2025-07-07 13:36:03] ✅ Завершено за 243.84 сек. Плохие ключи перенесены, дубликаты удалены.
